{'fatalError': False,
 'maxTotalPoints': 2,
 'messages': [],
 'mode': 'auto',
 'parts': [{'description': 'test classifier on polarity dev dataset',
            'extraCredit': False,
            'maxPoints': 1,
            'maxSeconds': 8,
            'messages': ['Time limit (8 seconds) exceeded.'],
            'name': '3b-1',
            'points': 0,
            'seconds': 23},
           {'description': 'test basic k-means on hardcoded datapoints',
            'extraCredit': False,
            'maxPoints': 1,
            'maxSeconds': 1,
            'messages': [],
            'name': '4b-0',
            'points': 1,
            'seconds': 0}],
 'totalPoints': 1}
